<beans xmlns="http://www.springframework.org/schema/beans" xmlns:xsi="http://www.w3.org/2001/XMLSchema-instance"
       xmlns:context="http://www.springframework.org/schema/context"
       xmlns:util="http://www.springframework.org/schema/util"
       xsi:schemaLocation="http://www.springframework.org/schema/beans
	                    http://www.springframework.org/schema/beans/spring-beans-4.3.xsd http://www.springframework.org/schema/context http://www.springframework.org/schema/context/spring-context-4.3.xsd http://www.springframework.org/schema/util http://www.springframework.org/schema/util/spring-util.xsd">

    <context:property-placeholder
        location="classpath:/properties/test-api-common.properties,classpath:/properties/test-core.properties,classpath:/properties/test-db.properties"
        ignore-resource-not-found="true" 
        ignore-unresolvable="true" />

	<import  resource="classpath*:orcid-t1-web-context.xml"/>  

</beans>